[DEBUG] 2022-06-10 14:42:52.219 [main] InternalLoggerFactory - Using Log4J2 as the default logging framework
[DEBUG] 2022-06-10 14:42:52.236 [main] ResourceLeakDetector - -Dio.netty.leakDetection.level: simple
[DEBUG] 2022-06-10 14:42:52.236 [main] ResourceLeakDetector - -Dio.netty.leakDetection.targetRecords: 4
[DEBUG] 2022-06-10 14:42:52.241 [main] ResourceLeakDetectorFactory - Loaded default ResourceLeakDetector: io.netty.util.ResourceLeakDetector@44d70181
[DEBUG] 2022-06-10 14:42:52.260 [main] PlatformDependent0 - -Dio.netty.noUnsafe: false
[DEBUG] 2022-06-10 14:42:52.260 [main] PlatformDependent0 - Java version: 18
[DEBUG] 2022-06-10 14:42:52.261 [main] PlatformDependent0 - sun.misc.Unsafe.theUnsafe: available
[DEBUG] 2022-06-10 14:42:52.261 [main] PlatformDependent0 - sun.misc.Unsafe.copyMemory: available
[DEBUG] 2022-06-10 14:42:52.262 [main] PlatformDependent0 - sun.misc.Unsafe.storeFence: available
[DEBUG] 2022-06-10 14:42:52.262 [main] PlatformDependent0 - java.nio.Buffer.address: available
[DEBUG] 2022-06-10 14:42:52.263 [main] PlatformDependent0 - direct buffer constructor: unavailable
java.lang.UnsupportedOperationException: Reflective setAccessible(true) disabled
	at io.netty.util.internal.ReflectionUtil.trySetAccessible(ReflectionUtil.java:31) ~[netty-common-4.1.77.Final.jar:4.1.77.Final]
	at io.netty.util.internal.PlatformDependent0$5.run(PlatformDependent0.java:287) ~[netty-common-4.1.77.Final.jar:4.1.77.Final]
	at java.security.AccessController.doPrivileged(AccessController.java:318) ~[?:?]
	at io.netty.util.internal.PlatformDependent0.<clinit>(PlatformDependent0.java:281) ~[netty-common-4.1.77.Final.jar:4.1.77.Final]
	at io.netty.util.internal.PlatformDependent.isAndroid(PlatformDependent.java:294) ~[netty-common-4.1.77.Final.jar:4.1.77.Final]
	at io.netty.util.internal.PlatformDependent.<clinit>(PlatformDependent.java:88) ~[netty-common-4.1.77.Final.jar:4.1.77.Final]
	at io.netty.util.HashedWheelTimer.<init>(HashedWheelTimer.java:114) ~[netty-common-4.1.77.Final.jar:4.1.77.Final]
	at io.netty.util.HashedWheelTimer.<init>(HashedWheelTimer.java:251) ~[netty-common-4.1.77.Final.jar:4.1.77.Final]
	at io.netty.util.HashedWheelTimer.<init>(HashedWheelTimer.java:224) ~[netty-common-4.1.77.Final.jar:4.1.77.Final]
	at io.netty.util.HashedWheelTimer.<init>(HashedWheelTimer.java:203) ~[netty-common-4.1.77.Final.jar:4.1.77.Final]
	at org.asynchttpclient.DefaultAsyncHttpClient.newNettyTimer(DefaultAsyncHttpClient.java:111) ~[async-http-client-2.12.3.jar:?]
	at org.asynchttpclient.DefaultAsyncHttpClient.<init>(DefaultAsyncHttpClient.java:90) ~[async-http-client-2.12.3.jar:?]
	at org.asynchttpclient.Dsl.asyncHttpClient(Dsl.java:32) ~[async-http-client-2.12.3.jar:?]
	at org.openqa.selenium.remote.http.netty.NettyClient.createHttpClient(NettyClient.java:93) ~[selenium-remote-driver-4.2.1.jar:?]
	at org.openqa.selenium.remote.http.netty.NettyClient.<clinit>(NettyClient.java:47) ~[selenium-remote-driver-4.2.1.jar:?]
	at org.openqa.selenium.remote.http.netty.NettyClient$Factory.createClient(NettyClient.java:134) ~[selenium-remote-driver-4.2.1.jar:?]
	at org.openqa.selenium.remote.HttpCommandExecutor.<init>(HttpCommandExecutor.java:107) ~[selenium-remote-driver-4.2.1.jar:?]
	at org.openqa.selenium.remote.HttpCommandExecutor.<init>(HttpCommandExecutor.java:94) ~[selenium-remote-driver-4.2.1.jar:?]
	at org.openqa.selenium.remote.HttpCommandExecutor.<init>(HttpCommandExecutor.java:85) ~[selenium-remote-driver-4.2.1.jar:?]
	at org.openqa.selenium.remote.service.DriverCommandExecutor.<init>(DriverCommandExecutor.java:80) ~[selenium-remote-driver-4.2.1.jar:?]
	at org.openqa.selenium.chromium.ChromiumDriverCommandExecutor.<init>(ChromiumDriverCommandExecutor.java:35) ~[selenium-chromium-driver-4.2.1.jar:?]
	at org.openqa.selenium.chrome.ChromeDriver$ChromeDriverCommandExecutor.<init>(ChromeDriver.java:118) ~[selenium-chrome-driver-4.2.1.jar:?]
	at org.openqa.selenium.chrome.ChromeDriver.<init>(ChromeDriver.java:106) ~[selenium-chrome-driver-4.2.1.jar:?]
	at org.openqa.selenium.chrome.ChromeDriver.<init>(ChromeDriver.java:93) ~[selenium-chrome-driver-4.2.1.jar:?]
	at org.openqa.selenium.chrome.ChromeDriver.<init>(ChromeDriver.java:48) ~[selenium-chrome-driver-4.2.1.jar:?]
	at listeners.TestNGListenerDemo.test2(TestNGListenerDemo.java:24) ~[classes/:?]
	at jdk.internal.reflect.DirectMethodHandleAccessor.invoke(DirectMethodHandleAccessor.java:104) ~[?:?]
	at java.lang.reflect.Method.invoke(Method.java:577) ~[?:?]
	at org.testng.internal.MethodInvocationHelper.invokeMethod(MethodInvocationHelper.java:133) ~[org.testng_7.4.0.r202105021533.jar:7.4.0]
	at org.testng.internal.TestInvoker.invokeMethod(TestInvoker.java:598) ~[org.testng_7.4.0.r202105021533.jar:7.4.0]
	at org.testng.internal.TestInvoker.invokeTestMethod(TestInvoker.java:173) ~[org.testng_7.4.0.r202105021533.jar:7.4.0]
	at org.testng.internal.MethodRunner.runInSequence(MethodRunner.java:46) ~[org.testng_7.4.0.r202105021533.jar:7.4.0]
	at org.testng.internal.TestInvoker$MethodInvocationAgent.invoke(TestInvoker.java:824) ~[org.testng_7.4.0.r202105021533.jar:7.4.0]
	at org.testng.internal.TestInvoker.invokeTestMethods(TestInvoker.java:146) ~[org.testng_7.4.0.r202105021533.jar:7.4.0]
	at org.testng.internal.TestMethodWorker.invokeTestMethods(TestMethodWorker.java:146) ~[org.testng_7.4.0.r202105021533.jar:7.4.0]
	at org.testng.internal.TestMethodWorker.run(TestMethodWorker.java:128) ~[org.testng_7.4.0.r202105021533.jar:7.4.0]
	at java.util.ArrayList.forEach(ArrayList.java:1511) ~[?:?]
	at org.testng.TestRunner.privateRun(TestRunner.java:794) ~[org.testng_7.4.0.r202105021533.jar:7.4.0]
	at org.testng.TestRunner.run(TestRunner.java:596) ~[org.testng_7.4.0.r202105021533.jar:7.4.0]
	at org.testng.SuiteRunner.runTest(SuiteRunner.java:377) ~[org.testng_7.4.0.r202105021533.jar:7.4.0]
	at org.testng.SuiteRunner.runSequentially(SuiteRunner.java:371) ~[org.testng_7.4.0.r202105021533.jar:7.4.0]
	at org.testng.SuiteRunner.privateRun(SuiteRunner.java:332) ~[org.testng_7.4.0.r202105021533.jar:7.4.0]
	at org.testng.SuiteRunner.run(SuiteRunner.java:276) ~[org.testng_7.4.0.r202105021533.jar:7.4.0]
	at org.testng.SuiteRunnerWorker.runSuite(SuiteRunnerWorker.java:53) ~[org.testng_7.4.0.r202105021533.jar:7.4.0]
	at org.testng.SuiteRunnerWorker.run(SuiteRunnerWorker.java:96) ~[org.testng_7.4.0.r202105021533.jar:7.4.0]
	at org.testng.TestNG.runSuitesSequentially(TestNG.java:1212) ~[org.testng_7.4.0.r202105021533.jar:7.4.0]
	at org.testng.TestNG.runSuitesLocally(TestNG.java:1134) ~[org.testng_7.4.0.r202105021533.jar:7.4.0]
	at org.testng.TestNG.runSuites(TestNG.java:1063) ~[org.testng_7.4.0.r202105021533.jar:7.4.0]
	at org.testng.TestNG.run(TestNG.java:1031) ~[org.testng_7.4.0.r202105021533.jar:7.4.0]
	at org.testng.remote.AbstractRemoteTestNG.run(AbstractRemoteTestNG.java:115) ~[testng-remote.jar:?]
	at org.testng.remote.RemoteTestNG.initAndRun(RemoteTestNG.java:251) ~[testng-remote.jar:?]
	at org.testng.remote.RemoteTestNG.main(RemoteTestNG.java:77) ~[testng-remote.jar:?]
[DEBUG] 2022-06-10 14:42:52.272 [main] PlatformDependent0 - java.nio.Bits.unaligned: available, true
[DEBUG] 2022-06-10 14:42:52.273 [main] PlatformDependent0 - jdk.internal.misc.Unsafe.allocateUninitializedArray(int): unavailable
java.lang.IllegalAccessException: class io.netty.util.internal.PlatformDependent0$7 cannot access class jdk.internal.misc.Unsafe (in module java.base) because module java.base does not export jdk.internal.misc to unnamed module @337d0578
	at jdk.internal.reflect.Reflection.newIllegalAccessException(Reflection.java:394) ~[?:?]
	at java.lang.reflect.AccessibleObject.checkAccess(AccessibleObject.java:674) ~[?:?]
	at java.lang.reflect.Method.invoke(Method.java:568) ~[?:?]
	at io.netty.util.internal.PlatformDependent0$7.run(PlatformDependent0.java:409) ~[netty-common-4.1.77.Final.jar:4.1.77.Final]
	at java.security.AccessController.doPrivileged(AccessController.java:318) ~[?:?]
	at io.netty.util.internal.PlatformDependent0.<clinit>(PlatformDependent0.java:400) ~[netty-common-4.1.77.Final.jar:4.1.77.Final]
	at io.netty.util.internal.PlatformDependent.isAndroid(PlatformDependent.java:294) ~[netty-common-4.1.77.Final.jar:4.1.77.Final]
	at io.netty.util.internal.PlatformDependent.<clinit>(PlatformDependent.java:88) ~[netty-common-4.1.77.Final.jar:4.1.77.Final]
	at io.netty.util.HashedWheelTimer.<init>(HashedWheelTimer.java:114) ~[netty-common-4.1.77.Final.jar:4.1.77.Final]
	at io.netty.util.HashedWheelTimer.<init>(HashedWheelTimer.java:251) ~[netty-common-4.1.77.Final.jar:4.1.77.Final]
	at io.netty.util.HashedWheelTimer.<init>(HashedWheelTimer.java:224) ~[netty-common-4.1.77.Final.jar:4.1.77.Final]
	at io.netty.util.HashedWheelTimer.<init>(HashedWheelTimer.java:203) ~[netty-common-4.1.77.Final.jar:4.1.77.Final]
	at org.asynchttpclient.DefaultAsyncHttpClient.newNettyTimer(DefaultAsyncHttpClient.java:111) ~[async-http-client-2.12.3.jar:?]
	at org.asynchttpclient.DefaultAsyncHttpClient.<init>(DefaultAsyncHttpClient.java:90) ~[async-http-client-2.12.3.jar:?]
	at org.asynchttpclient.Dsl.asyncHttpClient(Dsl.java:32) ~[async-http-client-2.12.3.jar:?]
	at org.openqa.selenium.remote.http.netty.NettyClient.createHttpClient(NettyClient.java:93) ~[selenium-remote-driver-4.2.1.jar:?]
	at org.openqa.selenium.remote.http.netty.NettyClient.<clinit>(NettyClient.java:47) ~[selenium-remote-driver-4.2.1.jar:?]
	at org.openqa.selenium.remote.http.netty.NettyClient$Factory.createClient(NettyClient.java:134) ~[selenium-remote-driver-4.2.1.jar:?]
	at org.openqa.selenium.remote.HttpCommandExecutor.<init>(HttpCommandExecutor.java:107) ~[selenium-remote-driver-4.2.1.jar:?]
	at org.openqa.selenium.remote.HttpCommandExecutor.<init>(HttpCommandExecutor.java:94) ~[selenium-remote-driver-4.2.1.jar:?]
	at org.openqa.selenium.remote.HttpCommandExecutor.<init>(HttpCommandExecutor.java:85) ~[selenium-remote-driver-4.2.1.jar:?]
	at org.openqa.selenium.remote.service.DriverCommandExecutor.<init>(DriverCommandExecutor.java:80) ~[selenium-remote-driver-4.2.1.jar:?]
	at org.openqa.selenium.chromium.ChromiumDriverCommandExecutor.<init>(ChromiumDriverCommandExecutor.java:35) ~[selenium-chromium-driver-4.2.1.jar:?]
	at org.openqa.selenium.chrome.ChromeDriver$ChromeDriverCommandExecutor.<init>(ChromeDriver.java:118) ~[selenium-chrome-driver-4.2.1.jar:?]
	at org.openqa.selenium.chrome.ChromeDriver.<init>(ChromeDriver.java:106) ~[selenium-chrome-driver-4.2.1.jar:?]
	at org.openqa.selenium.chrome.ChromeDriver.<init>(ChromeDriver.java:93) ~[selenium-chrome-driver-4.2.1.jar:?]
	at org.openqa.selenium.chrome.ChromeDriver.<init>(ChromeDriver.java:48) ~[selenium-chrome-driver-4.2.1.jar:?]
	at listeners.TestNGListenerDemo.test2(TestNGListenerDemo.java:24) ~[classes/:?]
	at jdk.internal.reflect.DirectMethodHandleAccessor.invoke(DirectMethodHandleAccessor.java:104) ~[?:?]
	at java.lang.reflect.Method.invoke(Method.java:577) ~[?:?]
	at org.testng.internal.MethodInvocationHelper.invokeMethod(MethodInvocationHelper.java:133) ~[org.testng_7.4.0.r202105021533.jar:7.4.0]
	at org.testng.internal.TestInvoker.invokeMethod(TestInvoker.java:598) ~[org.testng_7.4.0.r202105021533.jar:7.4.0]
	at org.testng.internal.TestInvoker.invokeTestMethod(TestInvoker.java:173) ~[org.testng_7.4.0.r202105021533.jar:7.4.0]
	at org.testng.internal.MethodRunner.runInSequence(MethodRunner.java:46) ~[org.testng_7.4.0.r202105021533.jar:7.4.0]
	at org.testng.internal.TestInvoker$MethodInvocationAgent.invoke(TestInvoker.java:824) ~[org.testng_7.4.0.r202105021533.jar:7.4.0]
	at org.testng.internal.TestInvoker.invokeTestMethods(TestInvoker.java:146) ~[org.testng_7.4.0.r202105021533.jar:7.4.0]
	at org.testng.internal.TestMethodWorker.invokeTestMethods(TestMethodWorker.java:146) ~[org.testng_7.4.0.r202105021533.jar:7.4.0]
	at org.testng.internal.TestMethodWorker.run(TestMethodWorker.java:128) ~[org.testng_7.4.0.r202105021533.jar:7.4.0]
	at java.util.ArrayList.forEach(ArrayList.java:1511) ~[?:?]
	at org.testng.TestRunner.privateRun(TestRunner.java:794) ~[org.testng_7.4.0.r202105021533.jar:7.4.0]
	at org.testng.TestRunner.run(TestRunner.java:596) ~[org.testng_7.4.0.r202105021533.jar:7.4.0]
	at org.testng.SuiteRunner.runTest(SuiteRunner.java:377) ~[org.testng_7.4.0.r202105021533.jar:7.4.0]
	at org.testng.SuiteRunner.runSequentially(SuiteRunner.java:371) ~[org.testng_7.4.0.r202105021533.jar:7.4.0]
	at org.testng.SuiteRunner.privateRun(SuiteRunner.java:332) ~[org.testng_7.4.0.r202105021533.jar:7.4.0]
	at org.testng.SuiteRunner.run(SuiteRunner.java:276) ~[org.testng_7.4.0.r202105021533.jar:7.4.0]
	at org.testng.SuiteRunnerWorker.runSuite(SuiteRunnerWorker.java:53) ~[org.testng_7.4.0.r202105021533.jar:7.4.0]
	at org.testng.SuiteRunnerWorker.run(SuiteRunnerWorker.java:96) ~[org.testng_7.4.0.r202105021533.jar:7.4.0]
	at org.testng.TestNG.runSuitesSequentially(TestNG.java:1212) ~[org.testng_7.4.0.r202105021533.jar:7.4.0]
	at org.testng.TestNG.runSuitesLocally(TestNG.java:1134) ~[org.testng_7.4.0.r202105021533.jar:7.4.0]
	at org.testng.TestNG.runSuites(TestNG.java:1063) ~[org.testng_7.4.0.r202105021533.jar:7.4.0]
	at org.testng.TestNG.run(TestNG.java:1031) ~[org.testng_7.4.0.r202105021533.jar:7.4.0]
	at org.testng.remote.AbstractRemoteTestNG.run(AbstractRemoteTestNG.java:115) ~[testng-remote.jar:?]
	at org.testng.remote.RemoteTestNG.initAndRun(RemoteTestNG.java:251) ~[testng-remote.jar:?]
	at org.testng.remote.RemoteTestNG.main(RemoteTestNG.java:77) ~[testng-remote.jar:?]
[DEBUG] 2022-06-10 14:42:52.275 [main] PlatformDependent0 - java.nio.DirectByteBuffer.<init>(long, int): unavailable
[DEBUG] 2022-06-10 14:42:52.275 [main] PlatformDependent - sun.misc.Unsafe: available
[DEBUG] 2022-06-10 14:42:52.276 [main] PlatformDependent - maxDirectMemory: 4234149888 bytes (maybe)
[DEBUG] 2022-06-10 14:42:52.276 [main] PlatformDependent - -Dio.netty.tmpdir: C:\Users\ANNAAP~1\AppData\Local\Temp (java.io.tmpdir)
[DEBUG] 2022-06-10 14:42:52.276 [main] PlatformDependent - -Dio.netty.bitMode: 64 (sun.arch.data.model)
[DEBUG] 2022-06-10 14:42:52.277 [main] PlatformDependent - Platform: Windows
[DEBUG] 2022-06-10 14:42:52.277 [main] PlatformDependent - -Dio.netty.maxDirectMemory: -1 bytes
[DEBUG] 2022-06-10 14:42:52.277 [main] PlatformDependent - -Dio.netty.uninitializedArrayAllocationThreshold: -1
[DEBUG] 2022-06-10 14:42:52.279 [main] CleanerJava9 - java.nio.ByteBuffer.cleaner(): available
[DEBUG] 2022-06-10 14:42:52.279 [main] PlatformDependent - -Dio.netty.noPreferDirect: false
[DEBUG] 2022-06-10 14:42:52.287 [main] PlatformDependent - org.jctools-core.MpscChunkedArrayQueue: available
[DEBUG] 2022-06-10 14:42:52.306 [main] InternalThreadLocalMap - -Dio.netty.threadLocalMap.stringBuilder.initialSize: 1024
[DEBUG] 2022-06-10 14:42:52.307 [main] InternalThreadLocalMap - -Dio.netty.threadLocalMap.stringBuilder.maxSize: 4096
[DEBUG] 2022-06-10 14:42:52.486 [main] JdkSslContext - Default protocols (JDK): [TLSv1.3, TLSv1.2] 
[DEBUG] 2022-06-10 14:42:52.487 [main] JdkSslContext - Default cipher suites (JDK): [TLS_ECDHE_ECDSA_WITH_AES_256_GCM_SHA384, TLS_ECDHE_ECDSA_WITH_AES_128_GCM_SHA256, TLS_ECDHE_RSA_WITH_AES_128_GCM_SHA256, TLS_ECDHE_RSA_WITH_AES_256_GCM_SHA384, TLS_ECDHE_RSA_WITH_AES_128_CBC_SHA, TLS_ECDHE_RSA_WITH_AES_256_CBC_SHA, TLS_RSA_WITH_AES_128_GCM_SHA256, TLS_RSA_WITH_AES_128_CBC_SHA, TLS_RSA_WITH_AES_256_CBC_SHA, TLS_AES_128_GCM_SHA256, TLS_AES_256_GCM_SHA384]
[DEBUG] 2022-06-10 14:42:52.546 [main] MultithreadEventLoopGroup - -Dio.netty.eventLoopThreads: 16
[DEBUG] 2022-06-10 14:42:52.560 [main] NioEventLoop - -Dio.netty.noKeySetOptimization: false
[DEBUG] 2022-06-10 14:42:52.560 [main] NioEventLoop - -Dio.netty.selectorAutoRebuildThreshold: 512
[TRACE] 2022-06-10 14:42:52.577 [main] NioEventLoop - instrumented a special java.util.Set into: sun.nio.ch.WEPollSelectorImpl@2788d0fe
[TRACE] 2022-06-10 14:42:52.580 [main] NioEventLoop - instrumented a special java.util.Set into: sun.nio.ch.WEPollSelectorImpl@2e140e59
[TRACE] 2022-06-10 14:42:52.581 [main] NioEventLoop - instrumented a special java.util.Set into: sun.nio.ch.WEPollSelectorImpl@49a71302
[TRACE] 2022-06-10 14:42:52.583 [main] NioEventLoop - instrumented a special java.util.Set into: sun.nio.ch.WEPollSelectorImpl@5cd61783
[TRACE] 2022-06-10 14:42:52.585 [main] NioEventLoop - instrumented a special java.util.Set into: sun.nio.ch.WEPollSelectorImpl@59429fac
[TRACE] 2022-06-10 14:42:52.586 [main] NioEventLoop - instrumented a special java.util.Set into: sun.nio.ch.WEPollSelectorImpl@57aa341b
[TRACE] 2022-06-10 14:42:52.588 [main] NioEventLoop - instrumented a special java.util.Set into: sun.nio.ch.WEPollSelectorImpl@26e412ef
[TRACE] 2022-06-10 14:42:52.590 [main] NioEventLoop - instrumented a special java.util.Set into: sun.nio.ch.WEPollSelectorImpl@4ae263bf
[TRACE] 2022-06-10 14:42:52.592 [main] NioEventLoop - instrumented a special java.util.Set into: sun.nio.ch.WEPollSelectorImpl@7103ab0
[TRACE] 2022-06-10 14:42:52.594 [main] NioEventLoop - instrumented a special java.util.Set into: sun.nio.ch.WEPollSelectorImpl@19ccca5
[TRACE] 2022-06-10 14:42:52.596 [main] NioEventLoop - instrumented a special java.util.Set into: sun.nio.ch.WEPollSelectorImpl@769d513
[TRACE] 2022-06-10 14:42:52.598 [main] NioEventLoop - instrumented a special java.util.Set into: sun.nio.ch.WEPollSelectorImpl@5e4fa1da
[TRACE] 2022-06-10 14:42:52.599 [main] NioEventLoop - instrumented a special java.util.Set into: sun.nio.ch.WEPollSelectorImpl@588cd519
[TRACE] 2022-06-10 14:42:52.601 [main] NioEventLoop - instrumented a special java.util.Set into: sun.nio.ch.WEPollSelectorImpl@3f92c349
[TRACE] 2022-06-10 14:42:52.602 [main] NioEventLoop - instrumented a special java.util.Set into: sun.nio.ch.WEPollSelectorImpl@769a58e5
[TRACE] 2022-06-10 14:42:52.604 [main] NioEventLoop - instrumented a special java.util.Set into: sun.nio.ch.WEPollSelectorImpl@55f8669d
[DEBUG] 2022-06-10 14:42:52.624 [main] PooledByteBufAllocator - -Dio.netty.allocator.numHeapArenas: 16
[DEBUG] 2022-06-10 14:42:52.624 [main] PooledByteBufAllocator - -Dio.netty.allocator.numDirectArenas: 16
[DEBUG] 2022-06-10 14:42:52.624 [main] PooledByteBufAllocator - -Dio.netty.allocator.pageSize: 8192
[DEBUG] 2022-06-10 14:42:52.624 [main] PooledByteBufAllocator - -Dio.netty.allocator.maxOrder: 9
[DEBUG] 2022-06-10 14:42:52.625 [main] PooledByteBufAllocator - -Dio.netty.allocator.chunkSize: 4194304
[DEBUG] 2022-06-10 14:42:52.625 [main] PooledByteBufAllocator - -Dio.netty.allocator.smallCacheSize: 256
[DEBUG] 2022-06-10 14:42:52.625 [main] PooledByteBufAllocator - -Dio.netty.allocator.normalCacheSize: 64
[DEBUG] 2022-06-10 14:42:52.625 [main] PooledByteBufAllocator - -Dio.netty.allocator.maxCachedBufferCapacity: 32768
[DEBUG] 2022-06-10 14:42:52.625 [main] PooledByteBufAllocator - -Dio.netty.allocator.cacheTrimInterval: 8192
[DEBUG] 2022-06-10 14:42:52.625 [main] PooledByteBufAllocator - -Dio.netty.allocator.cacheTrimIntervalMillis: 0
[DEBUG] 2022-06-10 14:42:52.625 [main] PooledByteBufAllocator - -Dio.netty.allocator.useCacheForAllThreads: false
[DEBUG] 2022-06-10 14:42:52.625 [main] PooledByteBufAllocator - -Dio.netty.allocator.maxCachedByteBuffersPerChunk: 1023
[DEBUG] 2022-06-10 14:42:52.634 [main] ByteBufUtil - -Dio.netty.allocator.type: pooled
[DEBUG] 2022-06-10 14:42:52.634 [main] ByteBufUtil - -Dio.netty.threadLocalDirectBufferSize: 0
[DEBUG] 2022-06-10 14:42:52.634 [main] ByteBufUtil - -Dio.netty.maxThreadLocalCharBufferSize: 16384
[DEBUG] 2022-06-10 14:42:53.268 [Forwarding newSession on session null to remote] DefaultChannelId - -Dio.netty.processId: 15164 (auto-detected)
[DEBUG] 2022-06-10 14:42:53.271 [Forwarding newSession on session null to remote] NetUtil - -Djava.net.preferIPv4Stack: false
[DEBUG] 2022-06-10 14:42:53.271 [Forwarding newSession on session null to remote] NetUtil - -Djava.net.preferIPv6Addresses: false
[DEBUG] 2022-06-10 14:42:53.283 [Forwarding newSession on session null to remote] NetUtilInitializations - Loopback interface: lo (Software Loopback Interface 1, 127.0.0.1)
[DEBUG] 2022-06-10 14:42:53.284 [Forwarding newSession on session null to remote] NetUtil - Failed to get SOMAXCONN from sysctl and file \proc\sys\net\core\somaxconn. Default: 200
[DEBUG] 2022-06-10 14:42:53.309 [Forwarding newSession on session null to remote] DefaultChannelId - -Dio.netty.machineId: 70:cd:0d:ff:fe:80:fe:71 (auto-detected)
[DEBUG] 2022-06-10 14:42:53.350 [AsyncHttpClient-1-2] AbstractByteBuf - -Dio.netty.buffer.checkAccessible: true
[DEBUG] 2022-06-10 14:42:53.351 [AsyncHttpClient-1-2] AbstractByteBuf - -Dio.netty.buffer.checkBounds: true
[DEBUG] 2022-06-10 14:42:53.351 [AsyncHttpClient-1-2] ResourceLeakDetectorFactory - Loaded default ResourceLeakDetector: io.netty.util.ResourceLeakDetector@6841944b
[DEBUG] 2022-06-10 14:42:53.369 [AsyncHttpClient-1-2] Recycler - -Dio.netty.recycler.maxCapacityPerThread: 4096
[DEBUG] 2022-06-10 14:42:53.369 [AsyncHttpClient-1-2] Recycler - -Dio.netty.recycler.ratio: 8
[DEBUG] 2022-06-10 14:42:53.369 [AsyncHttpClient-1-2] Recycler - -Dio.netty.recycler.chunkSize: 32
[DEBUG] 2022-06-10 14:42:53.369 [AsyncHttpClient-1-2] Recycler - -Dio.netty.recycler.blocking: false
[DEBUG] 2022-06-10 14:42:55.676 [AsyncHttpClient-1-2] Brotli - brotli4j not in the classpath; Brotli support will be unavailable.
[DEBUG] 2022-06-10 14:42:55.829 [main] ThreadLocalRandom - -Dio.netty.initialSeedUniquifier: 0xd186ac515fc417fc
[DEBUG] 2022-06-10 14:48:42.661 [main] InternalLoggerFactory - Using Log4J2 as the default logging framework
[DEBUG] 2022-06-10 14:48:42.665 [main] ResourceLeakDetector - -Dio.netty.leakDetection.level: simple
[DEBUG] 2022-06-10 14:48:42.666 [main] ResourceLeakDetector - -Dio.netty.leakDetection.targetRecords: 4
[DEBUG] 2022-06-10 14:48:42.670 [main] ResourceLeakDetectorFactory - Loaded default ResourceLeakDetector: io.netty.util.ResourceLeakDetector@669d2b1b
[DEBUG] 2022-06-10 14:48:42.685 [main] PlatformDependent0 - -Dio.netty.noUnsafe: false
[DEBUG] 2022-06-10 14:48:42.685 [main] PlatformDependent0 - Java version: 18
[DEBUG] 2022-06-10 14:48:42.686 [main] PlatformDependent0 - sun.misc.Unsafe.theUnsafe: available
[DEBUG] 2022-06-10 14:48:42.687 [main] PlatformDependent0 - sun.misc.Unsafe.copyMemory: available
[DEBUG] 2022-06-10 14:48:42.687 [main] PlatformDependent0 - sun.misc.Unsafe.storeFence: available
[DEBUG] 2022-06-10 14:48:42.688 [main] PlatformDependent0 - java.nio.Buffer.address: available
[DEBUG] 2022-06-10 14:48:42.688 [main] PlatformDependent0 - direct buffer constructor: unavailable
java.lang.UnsupportedOperationException: Reflective setAccessible(true) disabled
	at io.netty.util.internal.ReflectionUtil.trySetAccessible(ReflectionUtil.java:31) ~[netty-common-4.1.77.Final.jar:4.1.77.Final]
	at io.netty.util.internal.PlatformDependent0$5.run(PlatformDependent0.java:287) ~[netty-common-4.1.77.Final.jar:4.1.77.Final]
	at java.security.AccessController.doPrivileged(AccessController.java:318) ~[?:?]
	at io.netty.util.internal.PlatformDependent0.<clinit>(PlatformDependent0.java:281) ~[netty-common-4.1.77.Final.jar:4.1.77.Final]
	at io.netty.util.internal.PlatformDependent.isAndroid(PlatformDependent.java:294) ~[netty-common-4.1.77.Final.jar:4.1.77.Final]
	at io.netty.util.internal.PlatformDependent.<clinit>(PlatformDependent.java:88) ~[netty-common-4.1.77.Final.jar:4.1.77.Final]
	at io.netty.util.HashedWheelTimer.<init>(HashedWheelTimer.java:114) ~[netty-common-4.1.77.Final.jar:4.1.77.Final]
	at io.netty.util.HashedWheelTimer.<init>(HashedWheelTimer.java:251) ~[netty-common-4.1.77.Final.jar:4.1.77.Final]
	at io.netty.util.HashedWheelTimer.<init>(HashedWheelTimer.java:224) ~[netty-common-4.1.77.Final.jar:4.1.77.Final]
	at io.netty.util.HashedWheelTimer.<init>(HashedWheelTimer.java:203) ~[netty-common-4.1.77.Final.jar:4.1.77.Final]
	at org.asynchttpclient.DefaultAsyncHttpClient.newNettyTimer(DefaultAsyncHttpClient.java:111) ~[async-http-client-2.12.3.jar:?]
	at org.asynchttpclient.DefaultAsyncHttpClient.<init>(DefaultAsyncHttpClient.java:90) ~[async-http-client-2.12.3.jar:?]
	at org.asynchttpclient.Dsl.asyncHttpClient(Dsl.java:32) ~[async-http-client-2.12.3.jar:?]
	at org.openqa.selenium.remote.http.netty.NettyClient.createHttpClient(NettyClient.java:93) ~[selenium-remote-driver-4.2.1.jar:?]
	at org.openqa.selenium.remote.http.netty.NettyClient.<clinit>(NettyClient.java:47) ~[selenium-remote-driver-4.2.1.jar:?]
	at org.openqa.selenium.remote.http.netty.NettyClient$Factory.createClient(NettyClient.java:134) ~[selenium-remote-driver-4.2.1.jar:?]
	at org.openqa.selenium.remote.HttpCommandExecutor.<init>(HttpCommandExecutor.java:107) ~[selenium-remote-driver-4.2.1.jar:?]
	at org.openqa.selenium.remote.HttpCommandExecutor.<init>(HttpCommandExecutor.java:94) ~[selenium-remote-driver-4.2.1.jar:?]
	at org.openqa.selenium.remote.HttpCommandExecutor.<init>(HttpCommandExecutor.java:85) ~[selenium-remote-driver-4.2.1.jar:?]
	at org.openqa.selenium.remote.service.DriverCommandExecutor.<init>(DriverCommandExecutor.java:80) ~[selenium-remote-driver-4.2.1.jar:?]
	at org.openqa.selenium.chromium.ChromiumDriverCommandExecutor.<init>(ChromiumDriverCommandExecutor.java:35) ~[selenium-chromium-driver-4.2.1.jar:?]
	at org.openqa.selenium.chrome.ChromeDriver$ChromeDriverCommandExecutor.<init>(ChromeDriver.java:118) ~[selenium-chrome-driver-4.2.1.jar:?]
	at org.openqa.selenium.chrome.ChromeDriver.<init>(ChromeDriver.java:106) ~[selenium-chrome-driver-4.2.1.jar:?]
	at org.openqa.selenium.chrome.ChromeDriver.<init>(ChromeDriver.java:93) ~[selenium-chrome-driver-4.2.1.jar:?]
	at org.openqa.selenium.chrome.ChromeDriver.<init>(ChromeDriver.java:48) ~[selenium-chrome-driver-4.2.1.jar:?]
	at listeners.TestNGListenerDemo.test2(TestNGListenerDemo.java:24) ~[test-classes/:?]
	at jdk.internal.reflect.DirectMethodHandleAccessor.invoke(DirectMethodHandleAccessor.java:104) ~[?:?]
	at java.lang.reflect.Method.invoke(Method.java:577) ~[?:?]
	at org.testng.internal.MethodInvocationHelper.invokeMethod(MethodInvocationHelper.java:133) ~[org.testng_7.4.0.r202105021533.jar:7.4.0]
	at org.testng.internal.TestInvoker.invokeMethod(TestInvoker.java:598) ~[org.testng_7.4.0.r202105021533.jar:7.4.0]
	at org.testng.internal.TestInvoker.invokeTestMethod(TestInvoker.java:173) ~[org.testng_7.4.0.r202105021533.jar:7.4.0]
	at org.testng.internal.MethodRunner.runInSequence(MethodRunner.java:46) ~[org.testng_7.4.0.r202105021533.jar:7.4.0]
	at org.testng.internal.TestInvoker$MethodInvocationAgent.invoke(TestInvoker.java:824) ~[org.testng_7.4.0.r202105021533.jar:7.4.0]
	at org.testng.internal.TestInvoker.invokeTestMethods(TestInvoker.java:146) ~[org.testng_7.4.0.r202105021533.jar:7.4.0]
	at org.testng.internal.TestMethodWorker.invokeTestMethods(TestMethodWorker.java:146) ~[org.testng_7.4.0.r202105021533.jar:7.4.0]
	at org.testng.internal.TestMethodWorker.run(TestMethodWorker.java:128) ~[org.testng_7.4.0.r202105021533.jar:7.4.0]
	at java.util.ArrayList.forEach(ArrayList.java:1511) ~[?:?]
	at org.testng.TestRunner.privateRun(TestRunner.java:794) ~[org.testng_7.4.0.r202105021533.jar:7.4.0]
	at org.testng.TestRunner.run(TestRunner.java:596) ~[org.testng_7.4.0.r202105021533.jar:7.4.0]
	at org.testng.SuiteRunner.runTest(SuiteRunner.java:377) ~[org.testng_7.4.0.r202105021533.jar:7.4.0]
	at org.testng.SuiteRunner.runSequentially(SuiteRunner.java:371) ~[org.testng_7.4.0.r202105021533.jar:7.4.0]
	at org.testng.SuiteRunner.privateRun(SuiteRunner.java:332) ~[org.testng_7.4.0.r202105021533.jar:7.4.0]
	at org.testng.SuiteRunner.run(SuiteRunner.java:276) ~[org.testng_7.4.0.r202105021533.jar:7.4.0]
	at org.testng.SuiteRunnerWorker.runSuite(SuiteRunnerWorker.java:53) ~[org.testng_7.4.0.r202105021533.jar:7.4.0]
	at org.testng.SuiteRunnerWorker.run(SuiteRunnerWorker.java:96) ~[org.testng_7.4.0.r202105021533.jar:7.4.0]
	at org.testng.TestNG.runSuitesSequentially(TestNG.java:1212) ~[org.testng_7.4.0.r202105021533.jar:7.4.0]
	at org.testng.TestNG.runSuitesLocally(TestNG.java:1134) ~[org.testng_7.4.0.r202105021533.jar:7.4.0]
	at org.testng.TestNG.runSuites(TestNG.java:1063) ~[org.testng_7.4.0.r202105021533.jar:7.4.0]
	at org.testng.TestNG.run(TestNG.java:1031) ~[org.testng_7.4.0.r202105021533.jar:7.4.0]
	at org.testng.remote.AbstractRemoteTestNG.run(AbstractRemoteTestNG.java:115) ~[testng-remote.jar:?]
	at org.testng.remote.RemoteTestNG.initAndRun(RemoteTestNG.java:251) ~[testng-remote.jar:?]
	at org.testng.remote.RemoteTestNG.main(RemoteTestNG.java:77) ~[testng-remote.jar:?]
[DEBUG] 2022-06-10 14:48:42.698 [main] PlatformDependent0 - java.nio.Bits.unaligned: available, true
[DEBUG] 2022-06-10 14:48:42.699 [main] PlatformDependent0 - jdk.internal.misc.Unsafe.allocateUninitializedArray(int): unavailable
java.lang.IllegalAccessException: class io.netty.util.internal.PlatformDependent0$7 cannot access class jdk.internal.misc.Unsafe (in module java.base) because module java.base does not export jdk.internal.misc to unnamed module @337d0578
	at jdk.internal.reflect.Reflection.newIllegalAccessException(Reflection.java:394) ~[?:?]
	at java.lang.reflect.AccessibleObject.checkAccess(AccessibleObject.java:674) ~[?:?]
	at java.lang.reflect.Method.invoke(Method.java:568) ~[?:?]
	at io.netty.util.internal.PlatformDependent0$7.run(PlatformDependent0.java:409) ~[netty-common-4.1.77.Final.jar:4.1.77.Final]
	at java.security.AccessController.doPrivileged(AccessController.java:318) ~[?:?]
	at io.netty.util.internal.PlatformDependent0.<clinit>(PlatformDependent0.java:400) ~[netty-common-4.1.77.Final.jar:4.1.77.Final]
	at io.netty.util.internal.PlatformDependent.isAndroid(PlatformDependent.java:294) ~[netty-common-4.1.77.Final.jar:4.1.77.Final]
	at io.netty.util.internal.PlatformDependent.<clinit>(PlatformDependent.java:88) ~[netty-common-4.1.77.Final.jar:4.1.77.Final]
	at io.netty.util.HashedWheelTimer.<init>(HashedWheelTimer.java:114) ~[netty-common-4.1.77.Final.jar:4.1.77.Final]
	at io.netty.util.HashedWheelTimer.<init>(HashedWheelTimer.java:251) ~[netty-common-4.1.77.Final.jar:4.1.77.Final]
	at io.netty.util.HashedWheelTimer.<init>(HashedWheelTimer.java:224) ~[netty-common-4.1.77.Final.jar:4.1.77.Final]
	at io.netty.util.HashedWheelTimer.<init>(HashedWheelTimer.java:203) ~[netty-common-4.1.77.Final.jar:4.1.77.Final]
	at org.asynchttpclient.DefaultAsyncHttpClient.newNettyTimer(DefaultAsyncHttpClient.java:111) ~[async-http-client-2.12.3.jar:?]
	at org.asynchttpclient.DefaultAsyncHttpClient.<init>(DefaultAsyncHttpClient.java:90) ~[async-http-client-2.12.3.jar:?]
	at org.asynchttpclient.Dsl.asyncHttpClient(Dsl.java:32) ~[async-http-client-2.12.3.jar:?]
	at org.openqa.selenium.remote.http.netty.NettyClient.createHttpClient(NettyClient.java:93) ~[selenium-remote-driver-4.2.1.jar:?]
	at org.openqa.selenium.remote.http.netty.NettyClient.<clinit>(NettyClient.java:47) ~[selenium-remote-driver-4.2.1.jar:?]
	at org.openqa.selenium.remote.http.netty.NettyClient$Factory.createClient(NettyClient.java:134) ~[selenium-remote-driver-4.2.1.jar:?]
	at org.openqa.selenium.remote.HttpCommandExecutor.<init>(HttpCommandExecutor.java:107) ~[selenium-remote-driver-4.2.1.jar:?]
	at org.openqa.selenium.remote.HttpCommandExecutor.<init>(HttpCommandExecutor.java:94) ~[selenium-remote-driver-4.2.1.jar:?]
	at org.openqa.selenium.remote.HttpCommandExecutor.<init>(HttpCommandExecutor.java:85) ~[selenium-remote-driver-4.2.1.jar:?]
	at org.openqa.selenium.remote.service.DriverCommandExecutor.<init>(DriverCommandExecutor.java:80) ~[selenium-remote-driver-4.2.1.jar:?]
	at org.openqa.selenium.chromium.ChromiumDriverCommandExecutor.<init>(ChromiumDriverCommandExecutor.java:35) ~[selenium-chromium-driver-4.2.1.jar:?]
	at org.openqa.selenium.chrome.ChromeDriver$ChromeDriverCommandExecutor.<init>(ChromeDriver.java:118) ~[selenium-chrome-driver-4.2.1.jar:?]
	at org.openqa.selenium.chrome.ChromeDriver.<init>(ChromeDriver.java:106) ~[selenium-chrome-driver-4.2.1.jar:?]
	at org.openqa.selenium.chrome.ChromeDriver.<init>(ChromeDriver.java:93) ~[selenium-chrome-driver-4.2.1.jar:?]
	at org.openqa.selenium.chrome.ChromeDriver.<init>(ChromeDriver.java:48) ~[selenium-chrome-driver-4.2.1.jar:?]
	at listeners.TestNGListenerDemo.test2(TestNGListenerDemo.java:24) ~[test-classes/:?]
	at jdk.internal.reflect.DirectMethodHandleAccessor.invoke(DirectMethodHandleAccessor.java:104) ~[?:?]
	at java.lang.reflect.Method.invoke(Method.java:577) ~[?:?]
	at org.testng.internal.MethodInvocationHelper.invokeMethod(MethodInvocationHelper.java:133) ~[org.testng_7.4.0.r202105021533.jar:7.4.0]
	at org.testng.internal.TestInvoker.invokeMethod(TestInvoker.java:598) ~[org.testng_7.4.0.r202105021533.jar:7.4.0]
	at org.testng.internal.TestInvoker.invokeTestMethod(TestInvoker.java:173) ~[org.testng_7.4.0.r202105021533.jar:7.4.0]
	at org.testng.internal.MethodRunner.runInSequence(MethodRunner.java:46) ~[org.testng_7.4.0.r202105021533.jar:7.4.0]
	at org.testng.internal.TestInvoker$MethodInvocationAgent.invoke(TestInvoker.java:824) ~[org.testng_7.4.0.r202105021533.jar:7.4.0]
	at org.testng.internal.TestInvoker.invokeTestMethods(TestInvoker.java:146) ~[org.testng_7.4.0.r202105021533.jar:7.4.0]
	at org.testng.internal.TestMethodWorker.invokeTestMethods(TestMethodWorker.java:146) ~[org.testng_7.4.0.r202105021533.jar:7.4.0]
	at org.testng.internal.TestMethodWorker.run(TestMethodWorker.java:128) ~[org.testng_7.4.0.r202105021533.jar:7.4.0]
	at java.util.ArrayList.forEach(ArrayList.java:1511) ~[?:?]
	at org.testng.TestRunner.privateRun(TestRunner.java:794) ~[org.testng_7.4.0.r202105021533.jar:7.4.0]
	at org.testng.TestRunner.run(TestRunner.java:596) ~[org.testng_7.4.0.r202105021533.jar:7.4.0]
	at org.testng.SuiteRunner.runTest(SuiteRunner.java:377) ~[org.testng_7.4.0.r202105021533.jar:7.4.0]
	at org.testng.SuiteRunner.runSequentially(SuiteRunner.java:371) ~[org.testng_7.4.0.r202105021533.jar:7.4.0]
	at org.testng.SuiteRunner.privateRun(SuiteRunner.java:332) ~[org.testng_7.4.0.r202105021533.jar:7.4.0]
	at org.testng.SuiteRunner.run(SuiteRunner.java:276) ~[org.testng_7.4.0.r202105021533.jar:7.4.0]
	at org.testng.SuiteRunnerWorker.runSuite(SuiteRunnerWorker.java:53) ~[org.testng_7.4.0.r202105021533.jar:7.4.0]
	at org.testng.SuiteRunnerWorker.run(SuiteRunnerWorker.java:96) ~[org.testng_7.4.0.r202105021533.jar:7.4.0]
	at org.testng.TestNG.runSuitesSequentially(TestNG.java:1212) ~[org.testng_7.4.0.r202105021533.jar:7.4.0]
	at org.testng.TestNG.runSuitesLocally(TestNG.java:1134) ~[org.testng_7.4.0.r202105021533.jar:7.4.0]
	at org.testng.TestNG.runSuites(TestNG.java:1063) ~[org.testng_7.4.0.r202105021533.jar:7.4.0]
	at org.testng.TestNG.run(TestNG.java:1031) ~[org.testng_7.4.0.r202105021533.jar:7.4.0]
	at org.testng.remote.AbstractRemoteTestNG.run(AbstractRemoteTestNG.java:115) ~[testng-remote.jar:?]
	at org.testng.remote.RemoteTestNG.initAndRun(RemoteTestNG.java:251) ~[testng-remote.jar:?]
	at org.testng.remote.RemoteTestNG.main(RemoteTestNG.java:77) ~[testng-remote.jar:?]
[DEBUG] 2022-06-10 14:48:42.701 [main] PlatformDependent0 - java.nio.DirectByteBuffer.<init>(long, int): unavailable
[DEBUG] 2022-06-10 14:48:42.702 [main] PlatformDependent - sun.misc.Unsafe: available
[DEBUG] 2022-06-10 14:48:42.702 [main] PlatformDependent - maxDirectMemory: 4234149888 bytes (maybe)
[DEBUG] 2022-06-10 14:48:42.702 [main] PlatformDependent - -Dio.netty.tmpdir: C:\Users\ANNAAP~1\AppData\Local\Temp (java.io.tmpdir)
[DEBUG] 2022-06-10 14:48:42.703 [main] PlatformDependent - -Dio.netty.bitMode: 64 (sun.arch.data.model)
[DEBUG] 2022-06-10 14:48:42.703 [main] PlatformDependent - Platform: Windows
[DEBUG] 2022-06-10 14:48:42.703 [main] PlatformDependent - -Dio.netty.maxDirectMemory: -1 bytes
[DEBUG] 2022-06-10 14:48:42.704 [main] PlatformDependent - -Dio.netty.uninitializedArrayAllocationThreshold: -1
[DEBUG] 2022-06-10 14:48:42.705 [main] CleanerJava9 - java.nio.ByteBuffer.cleaner(): available
[DEBUG] 2022-06-10 14:48:42.705 [main] PlatformDependent - -Dio.netty.noPreferDirect: false
[DEBUG] 2022-06-10 14:48:42.711 [main] PlatformDependent - org.jctools-core.MpscChunkedArrayQueue: available
[DEBUG] 2022-06-10 14:48:42.724 [main] InternalThreadLocalMap - -Dio.netty.threadLocalMap.stringBuilder.initialSize: 1024
[DEBUG] 2022-06-10 14:48:42.725 [main] InternalThreadLocalMap - -Dio.netty.threadLocalMap.stringBuilder.maxSize: 4096
[DEBUG] 2022-06-10 14:48:42.911 [main] JdkSslContext - Default protocols (JDK): [TLSv1.3, TLSv1.2] 
[DEBUG] 2022-06-10 14:48:42.912 [main] JdkSslContext - Default cipher suites (JDK): [TLS_ECDHE_ECDSA_WITH_AES_256_GCM_SHA384, TLS_ECDHE_ECDSA_WITH_AES_128_GCM_SHA256, TLS_ECDHE_RSA_WITH_AES_128_GCM_SHA256, TLS_ECDHE_RSA_WITH_AES_256_GCM_SHA384, TLS_ECDHE_RSA_WITH_AES_128_CBC_SHA, TLS_ECDHE_RSA_WITH_AES_256_CBC_SHA, TLS_RSA_WITH_AES_128_GCM_SHA256, TLS_RSA_WITH_AES_128_CBC_SHA, TLS_RSA_WITH_AES_256_CBC_SHA, TLS_AES_128_GCM_SHA256, TLS_AES_256_GCM_SHA384]
[DEBUG] 2022-06-10 14:48:42.931 [main] MultithreadEventLoopGroup - -Dio.netty.eventLoopThreads: 16
[DEBUG] 2022-06-10 14:48:42.937 [main] NioEventLoop - -Dio.netty.noKeySetOptimization: false
[DEBUG] 2022-06-10 14:48:42.938 [main] NioEventLoop - -Dio.netty.selectorAutoRebuildThreshold: 512
[TRACE] 2022-06-10 14:48:42.949 [main] NioEventLoop - instrumented a special java.util.Set into: sun.nio.ch.WEPollSelectorImpl@17d2ed1b
[TRACE] 2022-06-10 14:48:42.951 [main] NioEventLoop - instrumented a special java.util.Set into: sun.nio.ch.WEPollSelectorImpl@1dbb650b
[TRACE] 2022-06-10 14:48:42.952 [main] NioEventLoop - instrumented a special java.util.Set into: sun.nio.ch.WEPollSelectorImpl@656d10a4
[TRACE] 2022-06-10 14:48:42.954 [main] NioEventLoop - instrumented a special java.util.Set into: sun.nio.ch.WEPollSelectorImpl@63ec445c
[TRACE] 2022-06-10 14:48:42.955 [main] NioEventLoop - instrumented a special java.util.Set into: sun.nio.ch.WEPollSelectorImpl@3104351d
[TRACE] 2022-06-10 14:48:42.956 [main] NioEventLoop - instrumented a special java.util.Set into: sun.nio.ch.WEPollSelectorImpl@77d18d0b
[TRACE] 2022-06-10 14:48:42.957 [main] NioEventLoop - instrumented a special java.util.Set into: sun.nio.ch.WEPollSelectorImpl@7a344b65
[TRACE] 2022-06-10 14:48:42.959 [main] NioEventLoop - instrumented a special java.util.Set into: sun.nio.ch.WEPollSelectorImpl@7b7b3edb
[TRACE] 2022-06-10 14:48:42.961 [main] NioEventLoop - instrumented a special java.util.Set into: sun.nio.ch.WEPollSelectorImpl@6b474074
[TRACE] 2022-06-10 14:48:42.962 [main] NioEventLoop - instrumented a special java.util.Set into: sun.nio.ch.WEPollSelectorImpl@108531c2
[TRACE] 2022-06-10 14:48:42.964 [main] NioEventLoop - instrumented a special java.util.Set into: sun.nio.ch.WEPollSelectorImpl@48b22fd4
[TRACE] 2022-06-10 14:48:42.965 [main] NioEventLoop - instrumented a special java.util.Set into: sun.nio.ch.WEPollSelectorImpl@6a9d5dff
[TRACE] 2022-06-10 14:48:42.966 [main] NioEventLoop - instrumented a special java.util.Set into: sun.nio.ch.WEPollSelectorImpl@3b08f438
[TRACE] 2022-06-10 14:48:42.968 [main] NioEventLoop - instrumented a special java.util.Set into: sun.nio.ch.WEPollSelectorImpl@2bac9ba
[TRACE] 2022-06-10 14:48:42.969 [main] NioEventLoop - instrumented a special java.util.Set into: sun.nio.ch.WEPollSelectorImpl@5b2f8ab6
[TRACE] 2022-06-10 14:48:42.971 [main] NioEventLoop - instrumented a special java.util.Set into: sun.nio.ch.WEPollSelectorImpl@5bdd5689
[DEBUG] 2022-06-10 14:48:42.985 [main] PooledByteBufAllocator - -Dio.netty.allocator.numHeapArenas: 16
[DEBUG] 2022-06-10 14:48:42.985 [main] PooledByteBufAllocator - -Dio.netty.allocator.numDirectArenas: 16
[DEBUG] 2022-06-10 14:48:42.985 [main] PooledByteBufAllocator - -Dio.netty.allocator.pageSize: 8192
[DEBUG] 2022-06-10 14:48:42.985 [main] PooledByteBufAllocator - -Dio.netty.allocator.maxOrder: 9
[DEBUG] 2022-06-10 14:48:42.985 [main] PooledByteBufAllocator - -Dio.netty.allocator.chunkSize: 4194304
[DEBUG] 2022-06-10 14:48:42.986 [main] PooledByteBufAllocator - -Dio.netty.allocator.smallCacheSize: 256
[DEBUG] 2022-06-10 14:48:42.986 [main] PooledByteBufAllocator - -Dio.netty.allocator.normalCacheSize: 64
[DEBUG] 2022-06-10 14:48:42.986 [main] PooledByteBufAllocator - -Dio.netty.allocator.maxCachedBufferCapacity: 32768
[DEBUG] 2022-06-10 14:48:42.986 [main] PooledByteBufAllocator - -Dio.netty.allocator.cacheTrimInterval: 8192
[DEBUG] 2022-06-10 14:48:42.986 [main] PooledByteBufAllocator - -Dio.netty.allocator.cacheTrimIntervalMillis: 0
[DEBUG] 2022-06-10 14:48:42.986 [main] PooledByteBufAllocator - -Dio.netty.allocator.useCacheForAllThreads: false
[DEBUG] 2022-06-10 14:48:42.986 [main] PooledByteBufAllocator - -Dio.netty.allocator.maxCachedByteBuffersPerChunk: 1023
[DEBUG] 2022-06-10 14:48:42.994 [main] ByteBufUtil - -Dio.netty.allocator.type: pooled
[DEBUG] 2022-06-10 14:48:42.994 [main] ByteBufUtil - -Dio.netty.threadLocalDirectBufferSize: 0
[DEBUG] 2022-06-10 14:48:42.994 [main] ByteBufUtil - -Dio.netty.maxThreadLocalCharBufferSize: 16384
[DEBUG] 2022-06-10 14:48:43.895 [Forwarding newSession on session null to remote] DefaultChannelId - -Dio.netty.processId: 19232 (auto-detected)
[DEBUG] 2022-06-10 14:48:43.896 [Forwarding newSession on session null to remote] NetUtil - -Djava.net.preferIPv4Stack: false
[DEBUG] 2022-06-10 14:48:43.897 [Forwarding newSession on session null to remote] NetUtil - -Djava.net.preferIPv6Addresses: false
[DEBUG] 2022-06-10 14:48:43.909 [Forwarding newSession on session null to remote] NetUtilInitializations - Loopback interface: lo (Software Loopback Interface 1, 127.0.0.1)
[DEBUG] 2022-06-10 14:48:43.909 [Forwarding newSession on session null to remote] NetUtil - Failed to get SOMAXCONN from sysctl and file \proc\sys\net\core\somaxconn. Default: 200
[DEBUG] 2022-06-10 14:48:43.942 [Forwarding newSession on session null to remote] DefaultChannelId - -Dio.netty.machineId: 70:cd:0d:ff:fe:80:fe:71 (auto-detected)
[DEBUG] 2022-06-10 14:48:43.975 [AsyncHttpClient-1-2] AbstractByteBuf - -Dio.netty.buffer.checkAccessible: true
[DEBUG] 2022-06-10 14:48:43.976 [AsyncHttpClient-1-2] AbstractByteBuf - -Dio.netty.buffer.checkBounds: true
[DEBUG] 2022-06-10 14:48:43.976 [AsyncHttpClient-1-2] ResourceLeakDetectorFactory - Loaded default ResourceLeakDetector: io.netty.util.ResourceLeakDetector@65adc48e
[DEBUG] 2022-06-10 14:48:43.995 [AsyncHttpClient-1-2] Recycler - -Dio.netty.recycler.maxCapacityPerThread: 4096
[DEBUG] 2022-06-10 14:48:43.995 [AsyncHttpClient-1-2] Recycler - -Dio.netty.recycler.ratio: 8
[DEBUG] 2022-06-10 14:48:43.995 [AsyncHttpClient-1-2] Recycler - -Dio.netty.recycler.chunkSize: 32
[DEBUG] 2022-06-10 14:48:43.995 [AsyncHttpClient-1-2] Recycler - -Dio.netty.recycler.blocking: false
[DEBUG] 2022-06-10 14:48:46.652 [AsyncHttpClient-1-2] Brotli - brotli4j not in the classpath; Brotli support will be unavailable.
[DEBUG] 2022-06-10 14:48:46.783 [main] ThreadLocalRandom - -Dio.netty.initialSeedUniquifier: 0x09afd564550a0f86
